06-19 09:35:54 com_github_MitjaNemec_Archive3DModels.action_archive_3d_models 210:Plugin executed on: 'linux'
06-19 09:35:54 com_github_MitjaNemec_Archive3DModels.action_archive_3d_models 211:Plugin executed with python version: '3.10.4 (main, Mar 25 2022, 00:00:00) [GCC 12.0.1 20220308 (Red Hat 12.0.1-0)]'
06-19 09:35:54 com_github_MitjaNemec_Archive3DModels.action_archive_3d_models 212:KiCad build version: 6.0.5-2.fc36
06-19 09:35:54 com_github_MitjaNemec_Archive3DModels.action_archive_3d_models 213:Plugin version: 1.0.3

06-19 09:36:08 com_github_MitjaNemec_Archive3DModels.archive_3d_models 13:Starting to archive 3D models
06-19 09:36:08 com_github_MitjaNemec_Archive3DModels.archive_3d_models 34:Getting 3D models for footprint of: U3
06-19 09:36:08 com_github_MitjaNemec_Archive3DModels.archive_3d_models 45:Trying to copy: ${MY_3D_MODELS}/QH8MB5TCR.step
06-19 09:36:08 com_github_MitjaNemec_Archive3DModels.archive_3d_models 105:Remapping: ${MY_3D_MODELS}/QH8MB5TCR.step
06-19 09:36:08 com_github_MitjaNemec_Archive3DModels.archive_3d_models 34:Getting 3D models for footprint of: U2
06-19 09:36:08 com_github_MitjaNemec_Archive3DModels.archive_3d_models 45:Trying to copy: ${MY_3D_MODELS}/QH8MB5TCR.step
06-19 09:36:08 com_github_MitjaNemec_Archive3DModels.archive_3d_models 105:Remapping: ${MY_3D_MODELS}/QH8MB5TCR.step
06-19 09:36:08 com_github_MitjaNemec_Archive3DModels.archive_3d_models 34:Getting 3D models for footprint of: U1
06-19 09:36:08 com_github_MitjaNemec_Archive3DModels.archive_3d_models 45:Trying to copy: ${MY_3D_MODELS}/SN74LVC1G00DRYR.step
06-19 09:36:08 com_github_MitjaNemec_Archive3DModels.archive_3d_models 105:Remapping: ${MY_3D_MODELS}/SN74LVC1G00DRYR.step
06-19 09:36:08 com_github_MitjaNemec_Archive3DModels.archive_3d_models 34:Getting 3D models for footprint of: J5
06-19 09:36:08 com_github_MitjaNemec_Archive3DModels.archive_3d_models 34:Getting 3D models for footprint of: J4
06-19 09:36:08 com_github_MitjaNemec_Archive3DModels.archive_3d_models 34:Getting 3D models for footprint of: J2
06-19 09:36:08 com_github_MitjaNemec_Archive3DModels.archive_3d_models 34:Getting 3D models for footprint of: J6
06-19 09:36:08 com_github_MitjaNemec_Archive3DModels.archive_3d_models 34:Getting 3D models for footprint of: J1
06-19 09:36:08 com_github_MitjaNemec_Archive3DModels.archive_3d_models 34:Getting 3D models for footprint of: J3
